Arguments: 
  C:\Program Files\nodejs\node.exe C:\Program Files (x86)\Yarn\bin\yarn.js install

PATH: 
  C:\Users\ARNALDO-TOMO\bin;C:\Program Files\Git\mingw64\bin;C:\Program Files\Git\usr\local\bin;C:\Program Files\Git\usr\bin;C:\Program Files\Git\usr\bin;C:\Program Files\Git\mingw64\bin;C:\Program Files\Git\usr\bin;C:\Users\ARNALDO-TOMO\bin;C:\ProgramData\Oracle\Java\javapath;C:\Windows\system32;C:\Windows;C:\Windows\System32\Wbem;C:\Windows\System32\WindowsPowerShell\v1.0;C:\xampp\php;C:\composer;C:\Program Files\Git\cmd;C:\Program Files\dotnet;C:\Program Files (x86)\dotnet;C:\ProgramData\chocolatey\bin;C:\Program Files\nodejs;C:\Program Files (x86)\Yarn\bin;C:\Program Files (x86)\HP\Common\HPDestPlgIn;C:\Users\ARNALDO-TOMO\AppData\Local\Programs\Python\Python311\Scripts;C:\Users\ARNALDO-TOMO\AppData\Local\Programs\Python\Python311;C:\Users\ARNALDO-TOMO\AppData\Local\Programs\Microsoft VS Code\bin;C:\Users\ARNALDO-TOMO\AppData\Local\GitHubDesktop\bin;C:\Users\ARNALDO-TOMO\AppData\Roaming\Composer\vendor\bin;C:\Users\ARNALDO-TOMO\.dotnet\tools;C:\Users\ARNALDO-TOMO\AppData\Roaming\npm;C:\Users\ARNALDO-TOMO\AppData\Local\Yarn\bin;C:\Program Files\heroku\bin;C:\Program Files (x86)\HP\Common\HPDestPlgIn;C:\Program Files\JetBrains\PyCharm Community Edition 2022.3.3\bin;C:\Program Files\Git\usr\bin\vendor_perl;C:\Program Files\Git\usr\bin\core_perl

Yarn version: 
  1.22.19

Node version: 
  19.1.0

Platform: 
  win32 x64

Trace: 
  Error: getaddrinfo ENOTFOUND registry.yarnpkg.com
      at GetAddrInfoReqWrap.onlookup [as oncomplete] (node:dns:107:26)

npm manifest: 
  {
    "name": "revenda",
    "version": "1.0.0",
    "main": "node_modules/expo/AppEntry.js",
    "scripts": {
      "start": "expo start",
      "android": "expo start --android",
      "ios": "expo start --ios",
      "web": "expo start --web"
    },
    "dependencies": {
      "expo": "~48.0.6",
      "expo-status-bar": "~1.4.4",
      "react": "18.2.0",
      "react-native": "0.71.3"
    },
    "devDependencies": {
      "@babel/core": "^7.20.0"
    },
    "private": true
  }

yarn manifest: 
  No manifest

Lockfile: 
  No lockfile
